<?xml version="1.0" encoding="UTF-8"?>
<!-- Generated by org.testng.reporters.JUnitXMLReporter -->
<testsuite ignored="0" hostname="MAVPUN05222470" failures="0" tests="4" name="Default test" time="34.57" errors="0" timestamp="2024-06-21T12:01:05 IST">
  <testcase classname="com.maveric.git.test.LoginTest" name="test1" time="1.094"/>
  <testcase classname="com.maveric.git.test.LoginTest" name="test1" time="1.112"/>
  <testcase classname="com.maveric.git.test.LoginTest" name="test2" time="2.962"/>
  <testcase classname="com.maveric.git.test.LoginTest" name="test2" time="3.216"/>
</testsuite> <!-- Default test -->
